[2020-04-04T11:12:07.227] [DEBUG] cheese - login => username:zs,password:123456
[2020-04-04T11:12:07.229] [DEBUG] cheese - zs
[2020-04-04T11:12:07.244] [DEBUG] cheese - null
[2020-04-04T11:12:07.245] [DEBUG] cheese - null
[2020-04-04T11:12:34.593] [DEBUG] cheese - login => username:admin,password:123456
[2020-04-04T11:12:34.594] [DEBUG] cheese - admin
[2020-04-04T11:12:34.606] [DEBUG] cheese - null
[2020-04-04T11:12:34.607] [DEBUG] cheese - null
[2020-04-13T10:45:00.080] [DEBUG] cheese - login => username:zes,password:123dddd
[2020-04-13T10:45:00.082] [DEBUG] cheese - zes
[2020-04-13T10:45:00.122] [DEBUG] cheese - null
[2020-04-13T10:45:00.123] [DEBUG] cheese - null
[2020-04-13T10:46:11.636] [DEBUG] cheese - login => username:zeaa,password:123sadad
[2020-04-13T10:46:11.636] [DEBUG] cheese - zeaa
[2020-04-13T10:46:11.647] [DEBUG] cheese - null
[2020-04-13T10:46:11.648] [DEBUG] cheese - null
[2020-04-13T10:46:47.578] [DEBUG] cheese - login => username:zeasd,password:123ada
[2020-04-13T10:46:47.578] [DEBUG] cheese - zeasd
[2020-04-13T10:46:47.581] [DEBUG] cheese - null
[2020-04-13T10:46:47.581] [DEBUG] cheese - null
[2020-04-13T10:47:16.324] [DEBUG] cheese - login => username:zeasd,password:123asd
[2020-04-13T10:47:16.324] [DEBUG] cheese - zeasd
[2020-04-13T10:47:16.329] [DEBUG] cheese - null
[2020-04-13T10:47:16.329] [DEBUG] cheese - null
[2020-04-13T10:49:10.754] [DEBUG] cheese - login => username:zeasd,password:123asdasd
[2020-04-13T10:49:10.754] [DEBUG] cheese - zeasd
[2020-04-13T10:49:10.757] [DEBUG] cheese - null
[2020-04-13T10:49:10.757] [DEBUG] cheese - null
[2020-04-13T10:49:18.661] [DEBUG] cheese - login => username:admin,password:123456
[2020-04-13T10:49:18.661] [DEBUG] cheese - admin
[2020-04-13T10:49:18.668] [DEBUG] cheese - null
[2020-04-13T10:49:18.668] [DEBUG] cheese - null
[2020-04-13T10:58:28.773] [DEBUG] cheese - login => username:zeas,password:123adasd
[2020-04-13T10:58:28.773] [DEBUG] cheese - zeas
[2020-04-13T10:58:28.776] [DEBUG] cheese - null
[2020-04-13T10:58:28.776] [DEBUG] cheese - null
[2020-04-13T10:58:35.054] [DEBUG] cheese - login => username:admin,password:123456
[2020-04-13T10:58:35.054] [DEBUG] cheese - admin
[2020-04-13T10:58:35.057] [DEBUG] cheese - null
[2020-04-13T10:58:35.057] [DEBUG] cheese - null
[2020-04-13T11:07:43.136] [DEBUG] cheese - login => username:admin,password:123456
[2020-04-13T11:07:43.136] [DEBUG] cheese - admin
[2020-04-13T11:07:43.139] [DEBUG] cheese - null
[2020-04-13T11:07:43.139] [DEBUG] cheese - null
[2020-04-13T11:09:41.358] [DEBUG] cheese - login => username:admin,password:123456
[2020-04-13T11:09:41.358] [DEBUG] cheese - admin
[2020-04-13T11:09:41.361] [DEBUG] cheese - null
[2020-04-13T11:09:41.361] [DEBUG] cheese - null
[2020-04-13T11:10:43.325] [DEBUG] cheese - login => username:admin,password:123456
[2020-04-13T11:10:43.326] [DEBUG] cheese - admin
[2020-04-13T11:10:43.328] [DEBUG] cheese - null
[2020-04-13T11:10:43.328] [DEBUG] cheese - null
[2020-04-13T11:13:05.326] [DEBUG] cheese - login => username:admin,password:123456
[2020-04-13T11:13:05.327] [DEBUG] cheese - admin
[2020-04-13T11:13:05.330] [DEBUG] cheese - null
[2020-04-13T11:13:05.330] [DEBUG] cheese - null
[2020-04-13T20:16:54.046] [DEBUG] cheese - login => username:admin,password:123456
[2020-04-13T20:16:54.048] [DEBUG] cheese - admin
[2020-04-13T20:16:54.088] [DEBUG] cheese - null
[2020-04-13T20:16:54.089] [DEBUG] cheese - null
[2020-04-13T20:21:51.028] [DEBUG] cheese - login => username:admin,password:123456
[2020-04-13T20:21:51.028] [DEBUG] cheese - admin
[2020-04-13T20:21:51.031] [DEBUG] cheese - null
[2020-04-13T20:21:51.031] [DEBUG] cheese - null
[2020-04-13T20:22:35.190] [DEBUG] cheese - login => username:admin,password:123456
[2020-04-13T20:22:35.190] [DEBUG] cheese - admin
[2020-04-13T20:22:35.193] [DEBUG] cheese - null
[2020-04-13T20:22:35.193] [DEBUG] cheese - null
[2020-04-14T21:07:23.623] [DEBUG] cheese - login => username:admin,password:123456
[2020-04-14T21:07:23.625] [DEBUG] cheese - admin
[2020-04-14T21:07:23.659] [DEBUG] cheese - null
[2020-04-14T21:07:23.660] [DEBUG] cheese - null
[2020-04-14T21:23:55.489] [DEBUG] cheese - login => username:admin,password:123456
[2020-04-14T21:23:55.489] [DEBUG] cheese - admin
[2020-04-14T21:23:55.496] [DEBUG] cheese - null
[2020-04-14T21:23:55.497] [DEBUG] cheese - null
[2020-04-14T21:50:38.401] [DEBUG] cheese - login => username:admin,password:123456
[2020-04-14T21:50:38.401] [DEBUG] cheese - admin
[2020-04-14T21:50:38.405] [DEBUG] cheese - null
[2020-04-14T21:50:38.405] [DEBUG] cheese - null
[2020-04-15T09:35:49.986] [DEBUG] cheese - login => username:admin,password:123456
[2020-04-15T09:35:49.989] [DEBUG] cheese - admin
[2020-04-15T09:35:50.047] [DEBUG] cheese - null
[2020-04-15T09:35:50.048] [DEBUG] cheese - null
[2020-04-15T09:44:11.370] [DEBUG] cheese - login => username:admin,password:123456
[2020-04-15T09:44:11.370] [DEBUG] cheese - admin
[2020-04-15T09:45:03.663] [DEBUG] cheese - login => username:admin,password:123456
[2020-04-15T09:45:03.663] [DEBUG] cheese - admin
[2020-04-15T09:45:03.669] [DEBUG] cheese - login => username:admin,password:123456
[2020-04-15T09:45:03.669] [DEBUG] cheese - admin
[2020-04-15T09:45:03.694] [DEBUG] cheese - null
[2020-04-15T09:45:03.694] [DEBUG] cheese - null
[2020-04-15T09:45:03.800] [DEBUG] cheese - null
[2020-04-15T09:45:03.800] [DEBUG] cheese - null
[2020-04-15T09:45:03.968] [DEBUG] cheese - null
[2020-04-15T09:45:03.968] [DEBUG] cheese - null
[2020-04-15T09:45:30.282] [DEBUG] cheese - login => username:admin,password:123456
[2020-04-15T09:45:30.284] [DEBUG] cheese - admin
[2020-04-15T09:45:30.317] [DEBUG] cheese - null
[2020-04-15T09:45:30.318] [DEBUG] cheese - null
[2020-04-15T10:51:02.691] [DEBUG] cheese - login => username:admin,password:123456
[2020-04-15T10:51:02.693] [DEBUG] cheese - admin
[2020-04-15T10:51:02.712] [DEBUG] cheese - null
[2020-04-15T10:51:02.713] [DEBUG] cheese - null
[2020-04-15T10:53:00.765] [DEBUG] cheese - login => username:admin,password:123456
[2020-04-15T10:53:00.765] [DEBUG] cheese - admin
[2020-04-15T10:53:00.772] [DEBUG] cheese - null
[2020-04-15T10:53:00.772] [DEBUG] cheese - null
[2020-04-16T11:29:58.671] [DEBUG] cheese - login => username:admin,password:123456
[2020-04-16T11:29:58.673] [DEBUG] cheese - admin
[2020-04-16T11:29:58.710] [DEBUG] cheese - null
[2020-04-16T11:29:58.710] [DEBUG] cheese - null
[2020-04-16T11:39:30.693] [DEBUG] cheese - login => username:admin,password:123456
[2020-04-16T11:39:30.693] [DEBUG] cheese - admin
[2020-04-16T11:39:30.697] [DEBUG] cheese - null
[2020-04-16T11:39:30.698] [DEBUG] cheese - null
[2020-04-16T11:41:36.542] [DEBUG] cheese - login => username:admin,password:123456
[2020-04-16T11:41:36.542] [DEBUG] cheese - admin
[2020-04-16T11:41:36.546] [DEBUG] cheese - null
[2020-04-16T11:41:36.546] [DEBUG] cheese - null
[2020-04-16T11:43:51.453] [DEBUG] cheese - login => username:admin,password:123456
[2020-04-16T11:43:51.454] [DEBUG] cheese - admin
[2020-04-16T11:43:51.456] [DEBUG] cheese - null
[2020-04-16T11:43:51.457] [DEBUG] cheese - null
[2020-04-16T11:46:09.012] [DEBUG] cheese - login => username:admin,password:123456
[2020-04-16T11:46:09.012] [DEBUG] cheese - admin
[2020-04-16T11:46:09.015] [DEBUG] cheese - null
[2020-04-16T11:46:09.015] [DEBUG] cheese - null
[2020-04-16T11:48:20.299] [DEBUG] cheese - login => username:admin,password:123456
[2020-04-16T11:48:20.299] [DEBUG] cheese - admin
[2020-04-16T11:48:20.303] [DEBUG] cheese - null
[2020-04-16T11:48:20.303] [DEBUG] cheese - null
[2020-04-16T14:07:55.309] [DEBUG] cheese - login => username:admin,password:123456
[2020-04-16T14:07:55.310] [DEBUG] cheese - admin
[2020-04-16T14:07:55.345] [DEBUG] cheese - null
[2020-04-16T14:07:55.346] [DEBUG] cheese - null
[2020-04-16T14:30:31.718] [DEBUG] cheese - login => username:admin,password:123456as
[2020-04-16T14:30:31.718] [DEBUG] cheese - admin
[2020-04-16T14:30:31.725] [DEBUG] cheese - null
[2020-04-16T14:30:31.725] [DEBUG] cheese - null
[2020-04-16T14:30:35.263] [DEBUG] cheese - login => username:admin,password:123456
[2020-04-16T14:30:35.263] [DEBUG] cheese - admin
[2020-04-16T14:30:35.266] [DEBUG] cheese - null
[2020-04-16T14:30:35.267] [DEBUG] cheese - null
[2020-04-16T14:45:41.565] [DEBUG] cheese - login => username:admin,password:123456
[2020-04-16T14:45:41.568] [DEBUG] cheese - admin
[2020-04-16T14:45:41.616] [DEBUG] cheese - null
[2020-04-16T14:45:41.617] [DEBUG] cheese - null
[2020-04-16T14:47:48.857] [DEBUG] cheese - login => username:admin,password:123456
[2020-04-16T14:47:48.858] [DEBUG] cheese - admin
[2020-04-16T14:47:48.865] [DEBUG] cheese - null
[2020-04-16T14:47:48.866] [DEBUG] cheese - null
[2020-04-19T19:37:11.650] [DEBUG] cheese - login => username:admin,password:123456
[2020-04-19T19:37:11.652] [DEBUG] cheese - admin
[2020-04-19T19:37:11.687] [DEBUG] cheese - null
[2020-04-19T19:37:11.688] [DEBUG] cheese - null
[2020-04-20T10:19:48.402] [DEBUG] cheese - login => username:admin,password:123456
[2020-04-20T10:19:48.404] [DEBUG] cheese - admin
[2020-04-20T10:19:48.445] [DEBUG] cheese - null
[2020-04-20T10:19:48.445] [DEBUG] cheese - null
[2020-04-22T10:14:04.538] [DEBUG] cheese - login => username:admin,password:123456
[2020-04-22T10:14:04.540] [DEBUG] cheese - admin
[2020-04-22T10:14:04.575] [DEBUG] cheese - null
[2020-04-22T10:14:04.576] [DEBUG] cheese - null
[2020-04-22T14:23:41.954] [DEBUG] cheese - login => username:admin,password:123456
[2020-04-22T14:23:41.956] [DEBUG] cheese - admin
[2020-04-22T14:23:41.999] [DEBUG] cheese - null
[2020-04-22T14:23:42.000] [DEBUG] cheese - null
[2020-04-22T14:49:41.230] [DEBUG] cheese - login => username:admin,password:123456
[2020-04-22T14:49:41.233] [DEBUG] cheese - admin
[2020-04-22T14:49:41.282] [DEBUG] cheese - null
[2020-04-22T14:49:41.283] [DEBUG] cheese - null
[2020-04-22T15:47:43.646] [DEBUG] cheese - null
[2020-04-22T15:49:54.355] [DEBUG] cheese - null
[2020-04-22T15:50:17.695] [DEBUG] cheese - null
[2020-04-22T15:55:29.376] [DEBUG] cheese - null
[2020-04-22T15:58:52.643] [DEBUG] cheese - login => username:admin,password:123456
[2020-04-22T15:58:52.645] [DEBUG] cheese - admin
[2020-04-22T15:58:52.661] [DEBUG] cheese - null
[2020-04-22T15:58:52.662] [DEBUG] cheese - null
[2020-04-22T15:59:22.290] [DEBUG] cheese - null
[2020-04-22T20:13:02.463] [DEBUG] cheese - login => username:admin,password:123456
[2020-04-22T20:13:02.468] [DEBUG] cheese - admin
[2020-04-22T20:13:02.533] [DEBUG] cheese - null
[2020-04-22T20:13:02.533] [DEBUG] cheese - null
[2020-04-23T10:06:02.886] [DEBUG] cheese - login => username:admin,password:123456
[2020-04-23T10:06:02.892] [DEBUG] cheese - admin
[2020-04-23T10:06:02.953] [DEBUG] cheese - null
[2020-04-23T10:06:02.954] [DEBUG] cheese - null
[2020-04-23T11:13:52.344] [DEBUG] cheese - null
[2020-04-24T10:15:32.843] [DEBUG] cheese - login => username:admin,password:123456
[2020-04-24T10:15:32.845] [DEBUG] cheese - admin
[2020-04-24T10:15:32.885] [DEBUG] cheese - null
[2020-04-24T10:15:32.886] [DEBUG] cheese - null
[2020-04-24T11:35:17.480] [DEBUG] cheese - login => username:admin,password:123456
[2020-04-24T11:35:17.481] [DEBUG] cheese - admin
[2020-04-24T11:35:17.489] [DEBUG] cheese - null
[2020-04-24T11:35:17.489] [DEBUG] cheese - null
[2020-04-24T16:50:10.496] [DEBUG] cheese - login => username:admin,password:123456
[2020-04-24T16:50:10.499] [DEBUG] cheese - admin
[2020-04-24T16:50:10.566] [DEBUG] cheese - null
[2020-04-24T16:50:10.567] [DEBUG] cheese - null
[2020-04-24T17:21:45.333] [DEBUG] cheese - login => username:admin,password:123456
[2020-04-24T17:21:45.334] [DEBUG] cheese - admin
[2020-04-24T17:21:45.340] [DEBUG] cheese - null
[2020-04-24T17:21:45.340] [DEBUG] cheese - null
[2020-04-24T20:02:58.724] [DEBUG] cheese - null
[2020-04-24T20:03:01.530] [DEBUG] cheese - null
[2020-04-27T21:44:01.716] [DEBUG] cheese - login => username:admin,password:123456
[2020-04-27T21:44:01.718] [DEBUG] cheese - admin
[2020-04-27T21:44:01.757] [DEBUG] cheese - null
[2020-04-27T21:44:01.758] [DEBUG] cheese - null
[2020-04-28T10:07:18.804] [DEBUG] cheese - login => username:admin,password:123456
[2020-04-28T10:07:18.805] [DEBUG] cheese - admin
[2020-04-28T10:07:18.840] [DEBUG] cheese - null
[2020-04-28T10:07:18.841] [DEBUG] cheese - null
[2020-04-28T10:44:54.620] [DEBUG] cheese - login => username:admin,password:123456
[2020-04-28T10:44:54.622] [DEBUG] cheese - admin
[2020-04-28T10:44:54.667] [DEBUG] cheese - null
[2020-04-28T10:44:54.668] [DEBUG] cheese - null
[2020-04-28T11:17:52.448] [DEBUG] cheese - login => username:admin,password:123456
[2020-04-28T11:17:52.452] [DEBUG] cheese - admin
[2020-04-28T11:17:52.462] [DEBUG] cheese - null
[2020-04-28T11:17:52.463] [DEBUG] cheese - null
[2020-04-28T14:05:07.880] [DEBUG] cheese - login => username:admin,password:123456
[2020-04-28T14:05:07.882] [DEBUG] cheese - admin
[2020-04-28T14:05:07.917] [DEBUG] cheese - null
[2020-04-28T14:05:07.918] [DEBUG] cheese - null
[2020-04-28T21:32:50.073] [DEBUG] cheese - login => username:admin,password:123456
[2020-04-28T21:32:50.075] [DEBUG] cheese - admin
[2020-04-28T21:32:50.119] [DEBUG] cheese - null
[2020-04-28T21:32:50.120] [DEBUG] cheese - null
[2020-04-28T22:03:06.386] [DEBUG] cheese - login => username:admin,password:123456
[2020-04-28T22:03:06.390] [DEBUG] cheese - admin
[2020-04-28T22:03:06.398] [DEBUG] cheese - null
[2020-04-28T22:03:06.399] [DEBUG] cheese - null
[2020-04-28T22:11:38.908] [DEBUG] cheese - login => username:admin,password:123456
[2020-04-28T22:11:38.911] [DEBUG] cheese - admin
[2020-04-28T22:11:38.919] [DEBUG] cheese - null
[2020-04-28T22:11:38.920] [DEBUG] cheese - null
[2020-04-29T10:10:18.455] [DEBUG] cheese - login => username:admin,password:123456
[2020-04-29T10:10:18.458] [DEBUG] cheese - admin
[2020-04-29T10:10:18.503] [DEBUG] cheese - null
[2020-04-29T10:10:18.504] [DEBUG] cheese - null
[2020-04-29T10:52:24.913] [DEBUG] cheese - login => username:admin,password:123456
[2020-04-29T10:52:24.917] [DEBUG] cheese - admin
[2020-04-29T10:52:24.940] [DEBUG] cheese - null
[2020-04-29T10:52:24.942] [DEBUG] cheese - null
[2020-04-29T16:56:35.321] [DEBUG] cheese - login => username:admin,password:123456
[2020-04-29T16:56:35.323] [DEBUG] cheese - admin
[2020-04-29T16:56:35.358] [DEBUG] cheese - null
[2020-04-29T16:56:35.359] [DEBUG] cheese - null
[2020-04-30T10:25:59.825] [DEBUG] cheese - login => username:admin,password:123456
[2020-04-30T10:25:59.827] [DEBUG] cheese - admin
[2020-04-30T10:25:59.862] [DEBUG] cheese - null
[2020-04-30T10:25:59.863] [DEBUG] cheese - null
[2020-04-30T10:41:23.123] [DEBUG] cheese - login => username:admin,password:123456
[2020-04-30T10:41:23.125] [DEBUG] cheese - admin
[2020-04-30T10:41:23.187] [DEBUG] cheese - null
[2020-04-30T10:41:23.187] [DEBUG] cheese - null
[2020-04-30T15:57:33.691] [DEBUG] cheese - login => username:admin,password:123456
[2020-04-30T15:57:33.693] [DEBUG] cheese - admin
[2020-04-30T15:57:33.748] [DEBUG] cheese - null
[2020-04-30T15:57:33.749] [DEBUG] cheese - null
[2020-05-02T15:49:34.124] [DEBUG] cheese - login => username:admin,password:123456
[2020-05-02T15:49:34.127] [DEBUG] cheese - admin
[2020-05-02T15:49:34.168] [DEBUG] cheese - null
[2020-05-02T15:49:34.169] [DEBUG] cheese - null
[2020-05-05T17:00:16.367] [DEBUG] cheese - login => username:admin,password:123456
[2020-05-05T17:00:16.373] [DEBUG] cheese - admin
[2020-05-05T17:00:16.458] [DEBUG] cheese - login => username:admin,password:123456
[2020-05-05T17:00:16.459] [DEBUG] cheese - admin
[2020-05-05T17:00:16.515] [DEBUG] cheese - null
[2020-05-05T17:00:16.516] [DEBUG] cheese - null
[2020-05-05T17:00:16.722] [DEBUG] cheese - null
[2020-05-05T17:00:16.723] [DEBUG] cheese - null
[2020-05-06T09:52:19.162] [DEBUG] cheese - login => username:admin,password:123456
[2020-05-06T09:52:19.164] [DEBUG] cheese - admin
[2020-05-06T09:52:19.199] [DEBUG] cheese - null
[2020-05-06T09:52:19.200] [DEBUG] cheese - null
[2020-05-06T21:14:40.188] [DEBUG] cheese - login => username:admin,password:123456
[2020-05-06T21:14:40.190] [DEBUG] cheese - admin
[2020-05-06T21:14:40.224] [DEBUG] cheese - null
[2020-05-06T21:14:40.225] [DEBUG] cheese - null
[2020-05-07T09:52:56.493] [DEBUG] cheese - login => username:admin,password:123456
[2020-05-07T09:52:56.496] [DEBUG] cheese - admin
[2020-05-07T09:52:56.562] [DEBUG] cheese - null
[2020-05-07T09:52:56.562] [DEBUG] cheese - null
[2020-05-07T10:07:29.659] [DEBUG] cheese - login => username:admin,password:123456
[2020-05-07T10:07:29.662] [DEBUG] cheese - admin
[2020-05-07T10:07:29.738] [DEBUG] cheese - null
[2020-05-07T10:07:29.740] [DEBUG] cheese - null
[2020-05-09T10:54:24.268] [DEBUG] cheese - login => username:admin,password:123456
[2020-05-09T10:54:24.270] [DEBUG] cheese - admin
[2020-05-09T10:54:24.312] [DEBUG] cheese - null
[2020-05-09T10:54:24.313] [DEBUG] cheese - null
[2020-05-09T21:32:52.246] [DEBUG] cheese - login => username:admin,password:123456
[2020-05-09T21:32:52.248] [DEBUG] cheese - admin
[2020-05-09T21:32:52.285] [DEBUG] cheese - null
[2020-05-09T21:32:52.286] [DEBUG] cheese - null
[2020-05-09T22:02:08.850] [DEBUG] cheese - login => username:admin,password:123456
[2020-05-09T22:02:08.851] [DEBUG] cheese - admin
[2020-05-09T22:02:08.894] [DEBUG] cheese - null
[2020-05-09T22:02:08.894] [DEBUG] cheese - null
[2020-05-10T10:31:14.407] [DEBUG] cheese - login => username:admin,password:123456
[2020-05-10T10:31:14.409] [DEBUG] cheese - admin
[2020-05-10T10:31:14.446] [DEBUG] cheese - null
[2020-05-10T10:31:14.446] [DEBUG] cheese - null
[2020-05-10T10:54:18.926] [DEBUG] cheese - login => username:admin,password:123456
[2020-05-10T10:54:18.929] [DEBUG] cheese - admin
[2020-05-10T10:54:18.982] [DEBUG] cheese - null
[2020-05-10T10:54:18.983] [DEBUG] cheese - null
[2020-05-10T11:57:02.508] [DEBUG] cheese - null
[2020-05-10T15:17:50.020] [DEBUG] cheese - login => username:admin,password:123456
[2020-05-10T15:17:50.022] [DEBUG] cheese - admin
[2020-05-10T15:17:50.061] [DEBUG] cheese - null
[2020-05-10T15:17:50.062] [DEBUG] cheese - null
[2020-05-11T10:57:03.886] [DEBUG] cheese - login => username:admin,password:123456
[2020-05-11T10:57:03.888] [DEBUG] cheese - admin
[2020-05-11T10:57:03.924] [DEBUG] cheese - null
[2020-05-11T10:57:03.925] [DEBUG] cheese - null
[2020-05-11T11:24:10.557] [DEBUG] cheese - login => username:admin,password:123456
[2020-05-11T11:24:10.559] [DEBUG] cheese - admin
[2020-05-11T11:24:10.605] [DEBUG] cheese - null
[2020-05-11T11:24:10.605] [DEBUG] cheese - null
[2020-05-11T15:48:07.106] [DEBUG] cheese - login => username:admin,password:123456
[2020-05-11T15:48:07.109] [DEBUG] cheese - admin
[2020-05-11T15:48:07.152] [DEBUG] cheese - null
[2020-05-11T15:48:07.153] [DEBUG] cheese - null
[2020-05-11T15:53:24.229] [DEBUG] cheese - login => username:admin,password:123456
[2020-05-11T15:53:24.230] [DEBUG] cheese - admin
[2020-05-11T15:53:24.235] [DEBUG] cheese - null
[2020-05-11T15:53:24.235] [DEBUG] cheese - null
[2020-05-11T16:03:03.202] [DEBUG] cheese - login => username:admin,password:123456
[2020-05-11T16:03:03.202] [DEBUG] cheese - admin
[2020-05-11T16:03:03.208] [DEBUG] cheese - null
[2020-05-11T16:03:03.208] [DEBUG] cheese - null
[2020-05-11T16:42:51.629] [DEBUG] cheese - login => username:admin,password:123456
[2020-05-11T16:42:51.630] [DEBUG] cheese - admin
[2020-05-11T16:42:51.643] [DEBUG] cheese - null
[2020-05-11T16:42:51.643] [DEBUG] cheese - null
[2020-05-12T12:46:23.008] [DEBUG] cheese - login => username:admin,password:123456
[2020-05-12T12:46:23.013] [DEBUG] cheese - admin
[2020-05-12T12:46:23.121] [DEBUG] cheese - null
[2020-05-12T12:46:23.123] [DEBUG] cheese - null
[2020-05-12T12:57:19.830] [DEBUG] cheese - login => username:admin,password:123456
[2020-05-12T12:57:19.833] [DEBUG] cheese - admin
[2020-05-12T12:57:19.843] [DEBUG] cheese - null
[2020-05-12T12:57:19.844] [DEBUG] cheese - null
[2020-05-12T13:39:56.623] [DEBUG] cheese - login => username:admin,password:123456
[2020-05-12T13:39:56.627] [DEBUG] cheese - admin
[2020-05-12T13:39:56.741] [DEBUG] cheese - null
[2020-05-12T13:39:56.741] [DEBUG] cheese - null
[2020-05-12T13:42:49.840] [DEBUG] cheese - login => username:admin,password:123456
[2020-05-12T13:42:49.841] [DEBUG] cheese - admin
[2020-05-12T13:42:49.849] [DEBUG] cheese - null
[2020-05-12T13:42:49.849] [DEBUG] cheese - null
[2020-05-12T13:44:32.753] [DEBUG] cheese - login => username:admin,password:123456
[2020-05-12T13:44:32.754] [DEBUG] cheese - admin
[2020-05-12T13:44:32.767] [DEBUG] cheese - null
[2020-05-12T13:44:32.768] [DEBUG] cheese - null
[2020-05-12T13:49:35.165] [DEBUG] cheese - login => username:admin,password:123456
[2020-05-12T13:49:35.169] [DEBUG] cheese - admin
[2020-05-12T13:49:35.184] [DEBUG] cheese - null
[2020-05-12T13:49:35.186] [DEBUG] cheese - null
[2020-05-12T14:10:55.264] [DEBUG] cheese - login => username:admin,password:123456
[2020-05-12T14:10:55.264] [DEBUG] cheese - admin
[2020-05-12T14:10:55.270] [DEBUG] cheese - null
[2020-05-12T14:10:55.271] [DEBUG] cheese - null
[2020-06-09T10:18:21.759] [DEBUG] cheese - login => username:123,password:133
[2020-06-09T10:22:28.703] [DEBUG] cheese - login => username:123,password:123123
[2020-06-09T10:22:28.705] [DEBUG] cheese - 123
[2020-06-09T10:22:28.750] [DEBUG] cheese - null
[2020-06-09T10:22:28.751] [DEBUG] cheese - null
[2020-06-09T10:24:19.362] [DEBUG] cheese - login => username:admin,password:123456
[2020-06-09T10:24:19.362] [DEBUG] cheese - admin
[2020-06-09T10:24:19.377] [DEBUG] cheese - null
[2020-06-09T10:24:19.378] [DEBUG] cheese - null
